{"total": {"lines":{"total":1447,"covered":978,"skipped":0,"pct":67.58},"statements":{"total":1447,"covered":978,"skipped":0,"pct":67.58},"functions":{"total":85,"covered":56,"skipped":0,"pct":65.88},"branches":{"total":280,"covered":234,"skipped":0,"pct":83.57},"branchesTrue":{"total":0,"covered":0,"skipped":0,"pct":100}}
,"C:\\Users\\brian\\RedAnvil\\az-planting-calendar\\functions\\_middleware.ts": {"lines":{"total":29,"covered":0,"skipped":0,"pct":0},"functions":{"total":1,"covered":0,"skipped":0,"pct":0},"statements":{"total":29,"covered":0,"skipped":0,"pct":0},"branches":{"total":1,"covered":0,"skipped":0,"pct":0}}
,"C:\\Users\\brian\\RedAnvil\\az-planting-calendar\\functions\\api\\assistant.ts": {"lines":{"total":279,"covered":175,"skipped":0,"pct":62.72},"functions":{"total":9,"covered":7,"skipped":0,"pct":77.77},"statements":{"total":279,"covered":175,"skipped":0,"pct":62.72},"branches":{"total":66,"covered":53,"skipped":0,"pct":80.3}}
,"C:\\Users\\brian\\RedAnvil\\az-planting-calendar\\functions\\api\\crops.ts": {"lines":{"total":20,"covered":0,"skipped":0,"pct":0},"functions":{"total":1,"covered":0,"skipped":0,"pct":0},"statements":{"total":20,"covered":0,"skipped":0,"pct":0},"branches":{"total":1,"covered":0,"skipped":0,"pct":0}}
,"C:\\Users\\brian\\RedAnvil\\az-planting-calendar\\functions\\api\\grid.ts": {"lines":{"total":60,"covered":58,"skipped":0,"pct":96.66},"functions":{"total":2,"covered":1,"skipped":0,"pct":50},"statements":{"total":60,"covered":58,"skipped":0,"pct":96.66},"branches":{"total":24,"covered":23,"skipped":0,"pct":95.83}}
,"C:\\Users\\brian\\RedAnvil\\az-planting-calendar\\functions\\api\\health.ts": {"lines":{"total":7,"covered":5,"skipped":0,"pct":71.42},"functions":{"total":2,"covered":1,"skipped":0,"pct":50},"statements":{"total":7,"covered":5,"skipped":0,"pct":71.42},"branches":{"total":1,"covered":1,"skipped":0,"pct":100}}
,"C:\\Users\\brian\\RedAnvil\\az-planting-calendar\\functions\\api\\plantable.ts": {"lines":{"total":63,"covered":57,"skipped":0,"pct":90.47},"functions":{"total":2,"covered":1,"skipped":0,"pct":50},"statements":{"total":63,"covered":57,"skipped":0,"pct":90.47},"branches":{"total":20,"covered":16,"skipped":0,"pct":80}}
,"C:\\Users\\brian\\RedAnvil\\az-planting-calendar\\functions\\api\\zone.ts": {"lines":{"total":11,"covered":9,"skipped":0,"pct":81.81},"functions":{"total":2,"covered":1,"skipped":0,"pct":50},"statements":{"total":11,"covered":9,"skipped":0,"pct":81.81},"branches":{"total":2,"covered":2,"skipped":0,"pct":100}}
,"C:\\Users\\brian\\RedAnvil\\az-planting-calendar\\functions\\api\\zones.ts": {"lines":{"total":21,"covered":0,"skipped":0,"pct":0},"functions":{"total":1,"covered":0,"skipped":0,"pct":0},"statements":{"total":21,"covered":0,"skipped":0,"pct":0},"branches":{"total":1,"covered":0,"skipped":0,"pct":0}}
,"C:\\Users\\brian\\RedAnvil\\az-planting-calendar\\functions\\api\\crops\\[id].ts": {"lines":{"total":20,"covered":18,"skipped":0,"pct":90},"functions":{"total":2,"covered":1,"skipped":0,"pct":50},"statements":{"total":20,"covered":18,"skipped":0,"pct":90},"branches":{"total":8,"covered":8,"skipped":0,"pct":100}}
,"C:\\Users\\brian\\RedAnvil\\az-planting-calendar\\functions\\lib\\dates.ts": {"lines":{"total":20,"covered":20,"skipped":0,"pct":100},"functions":{"total":2,"covered":2,"skipped":0,"pct":100},"statements":{"total":20,"covered":20,"skipped":0,"pct":100},"branches":{"total":11,"covered":11,"skipped":0,"pct":100}}
,"C:\\Users\\brian\\RedAnvil\\az-planting-calendar\\functions\\lib\\db.ts": {"lines":{"total":244,"covered":154,"skipped":0,"pct":63.11},"functions":{"total":16,"covered":11,"skipped":0,"pct":68.75},"statements":{"total":244,"covered":154,"skipped":0,"pct":63.11},"branches":{"total":38,"covered":30,"skipped":0,"pct":78.94}}
,"C:\\Users\\brian\\RedAnvil\\az-planting-calendar\\functions\\lib\\env.ts": {"lines":{"total":0,"covered":0,"skipped":0,"pct":100},"functions":{"total":1,"covered":1,"skipped":0,"pct":100},"statements":{"total":0,"covered":0,"skipped":0,"pct":100},"branches":{"total":1,"covered":1,"skipped":0,"pct":100}}
,"C:\\Users\\brian\\RedAnvil\\az-planting-calendar\\functions\\lib\\gridMath.ts": {"lines":{"total":10,"covered":10,"skipped":0,"pct":100},"functions":{"total":1,"covered":1,"skipped":0,"pct":100},"statements":{"total":10,"covered":10,"skipped":0,"pct":100},"branches":{"total":9,"covered":9,"skipped":0,"pct":100}}
,"C:\\Users\\brian\\RedAnvil\\az-planting-calendar\\functions\\lib\\http.ts": {"lines":{"total":84,"covered":42,"skipped":0,"pct":50},"functions":{"total":7,"covered":3,"skipped":0,"pct":42.85},"statements":{"total":84,"covered":42,"skipped":0,"pct":50},"branches":{"total":5,"covered":3,"skipped":0,"pct":60}}
,"C:\\Users\\brian\\RedAnvil\\az-planting-calendar\\functions\\lib\\queryErrors.ts": {"lines":{"total":47,"covered":26,"skipped":0,"pct":55.31},"functions":{"total":2,"covered":2,"skipped":0,"pct":100},"statements":{"total":47,"covered":26,"skipped":0,"pct":55.31},"branches":{"total":10,"covered":8,"skipped":0,"pct":80}}
,"C:\\Users\\brian\\RedAnvil\\az-planting-calendar\\functions\\lib\\rateLimit.ts": {"lines":{"total":88,"covered":78,"skipped":0,"pct":88.63},"functions":{"total":8,"covered":8,"skipped":0,"pct":100},"statements":{"total":88,"covered":78,"skipped":0,"pct":88.63},"branches":{"total":16,"covered":14,"skipped":0,"pct":87.5}}
,"C:\\Users\\brian\\RedAnvil\\az-planting-calendar\\src\\theme.ts": {"lines":{"total":30,"covered":24,"skipped":0,"pct":80},"functions":{"total":4,"covered":4,"skipped":0,"pct":100},"statements":{"total":30,"covered":24,"skipped":0,"pct":80},"branches":{"total":16,"covered":13,"skipped":0,"pct":81.25}}
,"C:\\Users\\brian\\RedAnvil\\az-planting-calendar\\src\\lib\\api.ts": {"lines":{"total":91,"covered":2,"skipped":0,"pct":2.19},"functions":{"total":9,"covered":0,"skipped":0,"pct":0},"statements":{"total":91,"covered":2,"skipped":0,"pct":2.19},"branches":{"total":0,"covered":0,"skipped":0,"pct":100}}
,"C:\\Users\\brian\\RedAnvil\\az-planting-calendar\\src\\lib\\coverage.ts": {"lines":{"total":41,"covered":41,"skipped":0,"pct":100},"functions":{"total":2,"covered":2,"skipped":0,"pct":100},"statements":{"total":41,"covered":41,"skipped":0,"pct":100},"branches":{"total":7,"covered":6,"skipped":0,"pct":85.71}}
,"C:\\Users\\brian\\RedAnvil\\az-planting-calendar\\src\\lib\\filterDerived.ts": {"lines":{"total":14,"covered":0,"skipped":0,"pct":0},"functions":{"total":1,"covered":0,"skipped":0,"pct":0},"statements":{"total":14,"covered":0,"skipped":0,"pct":0},"branches":{"total":1,"covered":0,"skipped":0,"pct":0}}
,"C:\\Users\\brian\\RedAnvil\\az-planting-calendar\\src\\lib\\halfMonth.ts": {"lines":{"total":97,"covered":91,"skipped":0,"pct":93.81},"functions":{"total":9,"covered":9,"skipped":0,"pct":100},"statements":{"total":97,"covered":91,"skipped":0,"pct":93.81},"branches":{"total":29,"covered":24,"skipped":0,"pct":82.75}}
,"C:\\Users\\brian\\RedAnvil\\az-planting-calendar\\src\\lib\\schemas.ts": {"lines":{"total":171,"covered":168,"skipped":0,"pct":98.24},"functions":{"total":1,"covered":1,"skipped":0,"pct":100},"statements":{"total":171,"covered":168,"skipped":0,"pct":98.24},"branches":{"total":13,"covered":12,"skipped":0,"pct":92.3}}
}
