{"total": {"lines":{"total":192,"covered":176,"skipped":0,"pct":91.66},"statements":{"total":192,"covered":176,"skipped":0,"pct":91.66},"functions":{"total":14,"covered":12,"skipped":0,"pct":85.71},"branches":{"total":61,"covered":55,"skipped":0,"pct":90.16},"branchesTrue":{"total":0,"covered":0,"skipped":0,"pct":100}}
,"C:\\Users\\brian\\RedAnvil\\dashboard\\functions\\api\\health.ts": {"lines":{"total":11,"covered":11,"skipped":0,"pct":100},"functions":{"total":1,"covered":1,"skipped":0,"pct":100},"statements":{"total":11,"covered":11,"skipped":0,"pct":100},"branches":{"total":1,"covered":1,"skipped":0,"pct":100}}
,"C:\\Users\\brian\\RedAnvil\\dashboard\\src\\lib\\linkify.tsx": {"lines":{"total":4,"covered":4,"skipped":0,"pct":100},"functions":{"total":1,"covered":1,"skipped":0,"pct":100},"statements":{"total":4,"covered":4,"skipped":0,"pct":100},"branches":{"total":1,"covered":1,"skipped":0,"pct":100}}
,"C:\\Users\\brian\\RedAnvil\\dashboard\\src\\lib\\relativeTime.ts": {"lines":{"total":18,"covered":18,"skipped":0,"pct":100},"functions":{"total":1,"covered":1,"skipped":0,"pct":100},"statements":{"total":18,"covered":18,"skipped":0,"pct":100},"branches":{"total":13,"covered":13,"skipped":0,"pct":100}}
,"C:\\Users\\brian\\RedAnvil\\dashboard\\src\\lib\\runFixture.ts": {"lines":{"total":24,"covered":24,"skipped":0,"pct":100},"functions":{"total":2,"covered":2,"skipped":0,"pct":100},"statements":{"total":24,"covered":24,"skipped":0,"pct":100},"branches":{"total":2,"covered":2,"skipped":0,"pct":100}}
,"C:\\Users\\brian\\RedAnvil\\dashboard\\src\\lib\\summary.ts": {"lines":{"total":87,"covered":87,"skipped":0,"pct":100},"functions":{"total":6,"covered":6,"skipped":0,"pct":100},"statements":{"total":87,"covered":87,"skipped":0,"pct":100},"branches":{"total":34,"covered":30,"skipped":0,"pct":88.23}}
,"C:\\Users\\brian\\RedAnvil\\dashboard\\src\\lib\\useDocumentMeta.ts": {"lines":{"total":5,"covered":3,"skipped":0,"pct":60},"functions":{"total":1,"covered":0,"skipped":0,"pct":0},"statements":{"total":5,"covered":3,"skipped":0,"pct":60},"branches":{"total":0,"covered":0,"skipped":0,"pct":100}}
,"C:\\Users\\brian\\RedAnvil\\dashboard\\src\\lib\\useDrawerA11y.ts": {"lines":{"total":1,"covered":1,"skipped":0,"pct":100},"functions":{"total":0,"covered":0,"skipped":0,"pct":100},"statements":{"total":1,"covered":1,"skipped":0,"pct":100},"branches":{"total":0,"covered":0,"skipped":0,"pct":100}}
,"C:\\Users\\brian\\RedAnvil\\dashboard\\src\\lib\\useRuns.ts": {"lines":{"total":42,"covered":28,"skipped":0,"pct":66.66},"functions":{"total":2,"covered":1,"skipped":0,"pct":50},"statements":{"total":42,"covered":28,"skipped":0,"pct":66.66},"branches":{"total":10,"covered":8,"skipped":0,"pct":80}}
}
